<?xml version="1.0" encoding="UTF-8"?>
<!-- Generated by org.testng.reporters.JUnitReportReporter -->
<testsuite hostname="DESKTOP-V16AQSL" failures="0" tests="1" name="Test_Case_Execution.Add_To_Cart_Dashboard_Category_Product" time="26.312" errors="0" timestamp="2024-01-09T10:01:40 IST" skipped="0">
  <testcase classname="Test_Case_Execution.Add_To_Cart_Dashboard_Category_Product" name="AddToCart_Category_Product" time="26.312"/>
</testsuite> <!-- Test_Case_Execution.Add_To_Cart_Dashboard_Category_Product -->
