<?xml version="1.0" encoding="UTF-8"?>
<!-- Generated by org.testng.reporters.JUnitReportReporter -->
<testsuite hostname="DESKTOP-V16AQSL" failures="0" tests="1" name="Test_Case_Execution.Size_Based_AddTo_Cart_Product" time="49.406" errors="0" timestamp="2024-01-09T10:01:40 IST" skipped="0">
  <testcase classname="Test_Case_Execution.Size_Based_AddTo_Cart_Product" name="FiterSize_AddToCart" time="49.406"/>
</testsuite> <!-- Test_Case_Execution.Size_Based_AddTo_Cart_Product -->
