<?xml version="1.0" encoding="UTF-8"?>
<!-- Generated by org.testng.reporters.JUnitReportReporter -->
<testsuite hostname="DESKTOP-V16AQSL" failures="0" tests="1" name="Test_Case_Execution.AddTo_Cart_Search_Product" time="44.269" errors="0" timestamp="2024-01-09T10:01:40 IST" skipped="0">
  <testcase classname="Test_Case_Execution.AddTo_Cart_Search_Product" name="SearchProduct" time="44.269"/>
</testsuite> <!-- Test_Case_Execution.AddTo_Cart_Search_Product -->
